

================================================================
== Vitis HLS Report for 'intersection'
================================================================
* Date:           Fri Jan 28 20:21:56 2022

* Version:        2021.1 (Build 3247384 on Thu Jun 10 19:36:33 MDT 2021)
* Project:        Tema1
* Solution:       solution1 (Vivado IP Flow Target)
* Product family: artix7
* Target device:  xc7a100t-csg324-1


================================================================
== Performance Estimates
================================================================
+ Timing: 
    * Summary: 
    +--------+----------+----------+------------+
    |  Clock |  Target  | Estimated| Uncertainty|
    +--------+----------+----------+------------+
    |ap_clk  |  10.00 ns|  2.588 ns|     2.70 ns|
    +--------+----------+----------+------------+

+ Latency: 
    * Summary: 
    +---------+---------+-----------+-----------+-----+-----+---------+
    |  Latency (cycles) |   Latency (absolute)  |  Interval | Pipeline|
    |   min   |   max   |    min    |    max    | min | max |   Type  |
    +---------+---------+-----------+-----------+-----+-----+---------+
    |        1|        1|  10.000 ns|  10.000 ns|    2|    2|       no|
    +---------+---------+-----------+-----------+-----+-----+---------+

    + Detail: 
        * Instance: 
        N/A

        * Loop: 
        N/A



================================================================
== Utilization Estimates
================================================================
* Summary: 
+-----------------+---------+-----+--------+-------+-----+
|       Name      | BRAM_18K| DSP |   FF   |  LUT  | URAM|
+-----------------+---------+-----+--------+-------+-----+
|DSP              |        -|    -|       -|      -|    -|
|Expression       |        -|    -|       0|     32|    -|
|FIFO             |        -|    -|       -|      -|    -|
|Instance         |        -|    -|       -|      -|    -|
|Memory           |        -|    -|       -|      -|    -|
|Multiplexer      |        -|    -|       -|     51|    -|
|Register         |        -|    -|       5|      -|    -|
+-----------------+---------+-----+--------+-------+-----+
|Total            |        0|    0|       5|     83|    0|
+-----------------+---------+-----+--------+-------+-----+
|Available        |      270|  240|  126800|  63400|    0|
+-----------------+---------+-----+--------+-------+-----+
|Utilization (%)  |        0|    0|      ~0|     ~0|    0|
+-----------------+---------+-----+--------+-------+-----+

+ Detail: 
    * Instance: 
    N/A

    * DSP: 
    N/A

    * Memory: 
    N/A

    * FIFO: 
    N/A

    * Expression: 
    +----------------------+----------+----+---+----+------------+------------+
    |     Variable Name    | Operation| DSP| FF| LUT| Bitwidth P0| Bitwidth P1|
    +----------------------+----------+----+---+----+------------+------------+
    |and_ln10_1_fu_165_p2  |       and|   0|  0|   2|           1|           1|
    |and_ln10_fu_159_p2    |       and|   0|  0|   2|           1|           1|
    |and_ln18_1_fu_195_p2  |       and|   0|  0|   2|           1|           1|
    |and_ln18_fu_189_p2    |       and|   0|  0|   2|           1|           1|
    |and_ln26_fu_222_p2    |       and|   0|  0|   2|           1|           1|
    |and_ln2_fu_183_p2     |       and|   0|  0|   2|           1|           1|
    |or_ln10_1_fu_177_p2   |        or|   0|  0|   2|           1|           1|
    |or_ln10_fu_171_p2     |        or|   0|  0|   2|           1|           1|
    |or_ln18_fu_207_p2     |        or|   0|  0|   2|           1|           1|
    |or_ln26_fu_135_p2     |        or|   0|  0|   2|           1|           1|
    |or_ln34_1_fu_147_p2   |        or|   0|  0|   2|           1|           1|
    |or_ln34_fu_141_p2     |        or|   0|  0|   2|           1|           1|
    |xor_ln10_fu_153_p2    |       xor|   0|  0|   2|           1|           2|
    |xor_ln18_fu_201_p2    |       xor|   0|  0|   2|           2|           1|
    |xor_ln26_1_fu_218_p2  |       xor|   0|  0|   2|           1|           1|
    |xor_ln26_fu_213_p2    |       xor|   0|  0|   2|           1|           2|
    +----------------------+----------+----+---+----+------------+------------+
    |Total                 |          |   0|  0|  32|          17|          18|
    +----------------------+----------+----+---+----+------------+------------+

    * Multiplexer: 
    +----------------------------------+----+-----------+-----+-----------+
    |               Name               | LUT| Input Size| Bits| Total Bits|
    +----------------------------------+----+-----------+-----+-----------+
    |Regula                            |  25|          6|   32|        192|
    |ap_NS_fsm                         |  13|          3|    1|          3|
    |ap_phi_mux_empty_5_phi_fu_123_p6  |  13|          3|    1|          3|
    +----------------------------------+----+-----------+-----+-----------+
    |Total                             |  51|         12|   34|        198|
    +----------------------------------+----+-----------+-----+-----------+

    * Register: 
    +-----------------+---+----+-----+-----------+
    |       Name      | FF| LUT| Bits| Const Bits|
    +-----------------+---+----+-----+-----------+
    |ap_CS_fsm        |  2|   0|    2|          0|
    |empty_reg_100    |  1|   0|    1|          0|
    |or_ln18_reg_258  |  1|   0|    1|          0|
    |or_ln26_reg_238  |  1|   0|    1|          0|
    +-----------------+---+----+-----+-----------+
    |Total            |  5|   0|    5|          0|
    +-----------------+---+----+-----+-----------+



================================================================
== Interface
================================================================
* Summary: 
+----------+-----+-----+--------------+--------------+--------------+
| RTL Ports| Dir | Bits|   Protocol   | Source Object|    C Type    |
+----------+-----+-----+--------------+--------------+--------------+
|ap_clk    |   in|    1|  ap_ctrl_none|  intersection|  return value|
|ap_rst    |   in|    1|  ap_ctrl_none|  intersection|  return value|
|Stg       |   in|    1|       ap_none|           Stg|        scalar|
|D         |   in|    1|       ap_none|             D|        scalar|
|S         |   in|    1|       ap_none|             S|        scalar|
|J         |   in|    1|       ap_none|             J|        scalar|
|Regula    |  out|   32|       ap_none|        Regula|       pointer|
|EW        |  out|    1|       ap_none|            EW|       pointer|
|NS        |  out|    1|       ap_none|            NS|       pointer|
+----------+-----+-----+--------------+--------------+--------------+

